# JRE version: Java(TM) SE Runtime Environment (8.0_152-b16) (build 1.8.0_152-b16)
# Java VM: Java HotSpot(TM) 64-Bit Server VM (25.152-b16 mixed mode windows-amd64 compressed oops)
Heap:
 PSYoungGen      total 202752K, used 120531K [0x00000000eb180000, 0x00000000fb280000, 0x0000000100000000)
  eden space 188416K, 57% used [0x00000000eb180000,0x00000000f1b3dca8,0x00000000f6980000)
  from space 14336K, 85% used [0x00000000f6980000,0x00000000f7577070,0x00000000f7780000)
  to   space 15872K, 0% used [0x00000000fa300000,0x00000000fa300000,0x00000000fb280000)
 ParOldGen       total 55808K, used 23141K [0x00000000c1400000, 0x00000000c4a80000, 0x00000000eb180000)
  object space 55808K, 41% used [0x00000000c1400000,0x00000000c2a996f0,0x00000000c4a80000)
 Metaspace       used 54836K, capacity 57262K, committed 57600K, reserved 1099776K
  class space    used 7384K, capacity 7846K, committed 7936K, reserved 1048576K
GC Heap History (10 events):
Event: 8.136 GC heap before
{Heap before GC invocations=11 (full 1):
 PSYoungGen      total 100352K, used 100351K [0x00000000eb180000, 0x00000000f4780000, 0x0000000100000000)
  eden space 92160K, 100% used [0x00000000eb180000,0x00000000f0b80000,0x00000000f0b80000)
  from space 8192K, 99% used [0x00000000f0b80000,0x00000000f137fc10,0x00000000f1380000)
  to   space 11776K, 0% used [0x00000000f3c00000,0x00000000f3c00000,0x00000000f4780000)
 ParOldGen       total 34304K, used 17311K [0x00000000c1400000, 0x00000000c3580000, 0x00000000eb180000)
  object space 34304K, 50% used [0x00000000c1400000,0x00000000c24e7ed8,0x00000000c3580000)
 Metaspace       used 33706K, capacity 35222K, committed 35328K, reserved 1079296K
  class space    used 4469K, capacity 4758K, committed 4864K, reserved 1048576K
Event: 8.151 GC heap after
Heap after GC invocations=11 (full 1):
 PSYoungGen      total 141312K, used 8842K [0x00000000eb180000, 0x00000000f4a00000, 0x0000000100000000)
  eden space 129536K, 0% used [0x00000000eb180000,0x00000000eb180000,0x00000000f3000000)
  from space 11776K, 75% used [0x00000000f3c00000,0x00000000f44a2988,0x00000000f4780000)
  to   space 12288K, 0% used [0x00000000f3000000,0x00000000f3000000,0x00000000f3c00000)
 ParOldGen       total 34304K, used 20902K [0x00000000c1400000, 0x00000000c3580000, 0x00000000eb180000)
  object space 34304K, 60% used [0x00000000c1400000,0x00000000c28699a0,0x00000000c3580000)
 Metaspace       used 33706K, capacity 35222K, committed 35328K, reserved 1079296K
  class space    used 4469K, capacity 4758K, committed 4864K, reserved 1048576K
}
Event: 8.234 GC heap before
{Heap before GC invocations=12 (full 1):
 PSYoungGen      total 141312K, used 20427K [0x00000000eb180000, 0x00000000f4a00000, 0x0000000100000000)
  eden space 129536K, 8% used [0x00000000eb180000,0x00000000ebcd0528,0x00000000f3000000)
  from space 11776K, 75% used [0x00000000f3c00000,0x00000000f44a2988,0x00000000f4780000)
  to   space 12288K, 0% used [0x00000000f3000000,0x00000000f3000000,0x00000000f3c00000)
 ParOldGen       total 34304K, used 20902K [0x00000000c1400000, 0x00000000c3580000, 0x00000000eb180000)
  object space 34304K, 60% used [0x00000000c1400000,0x00000000c28699a0,0x00000000c3580000)
 Metaspace       used 33926K, capacity 35414K, committed 35496K, reserved 1079296K
  class space    used 4495K, capacity 4798K, committed 4864K, reserved 1048576K
Event: 8.243 GC heap after
Heap after GC invocations=12 (full 1):
 PSYoungGen      total 141824K, used 624K [0x00000000eb180000, 0x00000000f8680000, 0x0000000100000000)
  eden space 129536K, 0% used [0x00000000eb180000,0x00000000eb180000,0x00000000f3000000)
  from space 12288K, 5% used [0x00000000f3000000,0x00000000f309c100,0x00000000f3c00000)
  to   space 12800K, 0% used [0x00000000f7a00000,0x00000000f7a00000,0x00000000f8680000)
 ParOldGen       total 34304K, used 27189K [0x00000000c1400000, 0x00000000c3580000, 0x00000000eb180000)
  object space 34304K, 79% used [0x00000000c1400000,0x00000000c2e8d648,0x00000000c3580000)
 Metaspace       used 33926K, capacity 35414K, committed 35496K, reserved 1079296K
  class space    used 4495K, capacity 4798K, committed 4864K, reserved 1048576K
}
Event: 8.243 GC heap before
{Heap before GC invocations=13 (full 2):
 PSYoungGen      total 141824K, used 624K [0x00000000eb180000, 0x00000000f8680000, 0x0000000100000000)
  eden space 129536K, 0% used [0x00000000eb180000,0x00000000eb180000,0x00000000f3000000)
  from space 12288K, 5% used [0x00000000f3000000,0x00000000f309c100,0x00000000f3c00000)
  to   space 12800K, 0% used [0x00000000f7a00000,0x00000000f7a00000,0x00000000f8680000)
 ParOldGen       total 34304K, used 27189K [0x00000000c1400000, 0x00000000c3580000, 0x00000000eb180000)
  object space 34304K, 79% used [0x00000000c1400000,0x00000000c2e8d648,0x00000000c3580000)
 Metaspace       used 33926K, capacity 35414K, committed 35496K, reserved 1079296K
  class space    used 4495K, capacity 4798K, committed 4864K, reserved 1048576K
Event: 8.347 GC heap after
Heap after GC invocations=13 (full 2):
 PSYoungGen      total 141824K, used 0K [0x00000000eb180000, 0x00000000f8680000, 0x0000000100000000)
  eden space 129536K, 0% used [0x00000000eb180000,0x00000000eb180000,0x00000000f3000000)
  from space 12288K, 0% used [0x00000000f3000000,0x00000000f3000000,0x00000000f3c00000)
  to   space 12800K, 0% used [0x00000000f7a00000,0x00000000f7a00000,0x00000000f8680000)
 ParOldGen       total 55808K, used 19293K [0x00000000c1400000, 0x00000000c4a80000, 0x00000000eb180000)
  object space 55808K, 34% used [0x00000000c1400000,0x00000000c26d7560,0x00000000c4a80000)
 Metaspace       used 33926K, capacity 35414K, committed 35496K, reserved 1079296K
  class space    used 4495K, capacity 4798K, committed 4864K, reserved 1048576K
}
Event: 9.994 GC heap before
{Heap before GC invocations=14 (full 2):
 PSYoungGen      total 141824K, used 129536K [0x00000000eb180000, 0x00000000f8680000, 0x0000000100000000)
  eden space 129536K, 100% used [0x00000000eb180000,0x00000000f3000000,0x00000000f3000000)
  from space 12288K, 0% used [0x00000000f3000000,0x00000000f3000000,0x00000000f3c00000)
  to   space 12800K, 0% used [0x00000000f7a00000,0x00000000f7a00000,0x00000000f8680000)
 ParOldGen       total 55808K, used 19293K [0x00000000c1400000, 0x00000000c4a80000, 0x00000000eb180000)
  object space 55808K, 34% used [0x00000000c1400000,0x00000000c26d7560,0x00000000c4a80000)
 Metaspace       used 44254K, capacity 45864K, committed 46208K, reserved 1089536K
  class space    used 5910K, capacity 6221K, committed 6272K, reserved 1048576K
Event: 10.007 GC heap after
Heap after GC invocations=14 (full 2):
 PSYoungGen      total 186368K, used 11682K [0x00000000eb180000, 0x00000000f8580000, 0x0000000100000000)
  eden space 174592K, 0% used [0x00000000eb180000,0x00000000eb180000,0x00000000f5c00000)
  from space 11776K, 99% used [0x00000000f7a00000,0x00000000f8568b48,0x00000000f8580000)
  to   space 14336K, 0% used [0x00000000f6980000,0x00000000f6980000,0x00000000f7780000)
 ParOldGen       total 55808K, used 19301K [0x00000000c1400000, 0x00000000c4a80000, 0x00000000eb180000)
  object space 55808K, 34% used [0x00000000c1400000,0x00000000c26d9560,0x00000000c4a80000)
 Metaspace       used 44254K, capacity 45864K, committed 46208K, reserved 1089536K
  class space    used 5910K, capacity 6221K, committed 6272K, reserved 1048576K
}
Event: 11.501 GC heap before
{Heap before GC invocations=15 (full 2):
 PSYoungGen      total 186368K, used 186274K [0x00000000eb180000, 0x00000000f8580000, 0x0000000100000000)
  eden space 174592K, 100% used [0x00000000eb180000,0x00000000f5c00000,0x00000000f5c00000)
  from space 11776K, 99% used [0x00000000f7a00000,0x00000000f8568b48,0x00000000f8580000)
  to   space 14336K, 0% used [0x00000000f6980000,0x00000000f6980000,0x00000000f7780000)
 ParOldGen       total 55808K, used 19301K [0x00000000c1400000, 0x00000000c4a80000, 0x00000000eb180000)
  object space 55808K, 34% used [0x00000000c1400000,0x00000000c26d9560,0x00000000c4a80000)
 Metaspace       used 50879K, capacity 53068K, committed 53376K, reserved 1095680K
  class space    used 6816K, capacity 7229K, committed 7296K, reserved 1048576K
Event: 11.522 GC heap after
Heap after GC invocations=15 (full 2):
 PSYoungGen      total 202752K, used 12252K [0x00000000eb180000, 0x00000000fb280000, 0x0000000100000000)
  eden space 188416K, 0% used [0x00000000eb180000,0x00000000eb180000,0x00000000f6980000)
  from space 14336K, 85% used [0x00000000f6980000,0x00000000f7577070,0x00000000f7780000)
  to   space 15872K, 0% used [0x00000000fa300000,0x00000000fa300000,0x00000000fb280000)
 ParOldGen       total 55808K, used 23141K [0x00000000c1400000, 0x00000000c4a80000, 0x00000000eb180000)
  object space 55808K, 41% used [0x00000000c1400000,0x00000000c2a996f0,0x00000000c4a80000)
 Metaspace       used 50879K, capacity 53068K, committed 53376K, reserved 1095680K
  class space    used 6816K, capacity 7229K, committed 7296K, reserved 1048576K
}

